<?xml version="1.0" encoding="UTF-8"?>
<!-- Generated by org.testng.reporters.JUnitXMLReporter -->
<testsuite ignored="0" hostname="AI_Dev1" failures="0" tests="5" name="Default test" time="14.346" errors="0" timestamp="2026-04-07T13:07:51 IST">
  <testcase classname="com.telesoftlabs.testCases.BaseClass" name="placeholderTest" time="0.019"/>
  <testcase classname="com.telesoftlabs.testCases.Tc_Dashboard" name="login" time="3.833"/>
  <testcase classname="com.telesoftlabs.testCases.Tc_Dashboard" name="validateTodayAnalysis" time="1.033"/>
  <testcase classname="com.telesoftlabs.testCases.Tc_Dashboard" name="validateThisMonthAnalysis" time="0.998"/>
  <testcase classname="com.telesoftlabs.testCases.Tc_Dashboard" name="validateDateBetweenAnalysis" time="1.618"/>
</testsuite> <!-- Default test -->
