<?xml version="1.0" encoding="UTF-8"?>
<testng-results ignored="0" total="5" passed="5" failed="0" skipped="0">
  <reporter-output>
  </reporter-output>
  <suite started-at="2026-04-07T13:07:36 IST" name="Default suite" finished-at="2026-04-07T13:07:51 IST" duration-ms="14346">
    <groups>
    </groups>
    <test started-at="2026-04-07T13:07:36 IST" name="Default test" finished-at="2026-04-07T13:07:51 IST" duration-ms="14346">
      <class name="com.telesoftlabs.testCases.Tc_Dashboard">
        <test-method is-config="true" signature="initialiseExtentReports()[pri:0, instance:com.telesoftlabs.testCases.Tc_Dashboard@24313fcc]" started-at="2026-04-07T13:07:36 IST" name="initialiseExtentReports" finished-at="2026-04-07T13:07:36 IST" duration-ms="227" status="PASS">
          <reporter-output>
          </reporter-output>
        </test-method> <!-- initialiseExtentReports -->
        <test-method is-config="true" signature="setup(java.lang.String,org.testng.ITestContext)[pri:0, instance:com.telesoftlabs.testCases.Tc_Dashboard@24313fcc]" started-at="2026-04-07T13:07:36 IST" name="setup" finished-at="2026-04-07T13:07:42 IST" duration-ms="5363" status="PASS">
          <params>
            <param index="0">
              <value>
                <![CDATA[firefox]]>
              </value>
            </param>
            <param index="1">
              <value>
                <![CDATA[org.testng.TestRunner@3f9270ed]]>
              </value>
            </param>
          </params>
          <reporter-output>
          </reporter-output>
        </test-method> <!-- setup -->
        <test-method signature="placeholderTest()[pri:0, instance:com.telesoftlabs.testCases.Tc_Dashboard@24313fcc]" started-at="2026-04-07T13:07:42 IST" name="placeholderTest" finished-at="2026-04-07T13:07:42 IST" duration-ms="19" status="PASS">
          <reporter-output>
          </reporter-output>
        </test-method> <!-- placeholderTest -->
        <test-method is-config="true" signature="checkStatus(java.lang.reflect.Method,org.testng.ITestResult)[pri:0, instance:com.telesoftlabs.testCases.Tc_Dashboard@24313fcc]" started-at="2026-04-07T13:07:42 IST" name="checkStatus" finished-at="2026-04-07T13:07:42 IST" duration-ms="3" status="PASS">
          <params>
            <param index="0">
              <value>
                <![CDATA[public void com.telesoftlabs.testCases.BaseClass.placeholderTest()]]>
              </value>
            </param>
            <param index="1">
              <value>
                <![CDATA[[TestResult name=placeholderTest status=SUCCESS method=BaseClass.placeholderTest()[pri:0, instance:com.telesoftlabs.testCases.Tc_Dashboard@24313fcc] output={null}]]]>
              </value>
            </param>
          </params>
          <reporter-output>
          </reporter-output>
        </test-method> <!-- checkStatus -->
        <test-method signature="login()[pri:1, instance:com.telesoftlabs.testCases.Tc_Dashboard@24313fcc]" started-at="2026-04-07T13:07:42 IST" name="login" finished-at="2026-04-07T13:07:46 IST" duration-ms="3833" status="PASS">
          <reporter-output>
          </reporter-output>
        </test-method> <!-- login -->
        <test-method is-config="true" signature="checkStatus(java.lang.reflect.Method,org.testng.ITestResult)[pri:0, instance:com.telesoftlabs.testCases.Tc_Dashboard@24313fcc]" started-at="2026-04-07T13:07:46 IST" name="checkStatus" finished-at="2026-04-07T13:07:46 IST" duration-ms="0" status="PASS">
          <params>
            <param index="0">
              <value>
                <![CDATA[public void com.telesoftlabs.testCases.Tc_Dashboard.login()]]>
              </value>
            </param>
            <param index="1">
              <value>
                <![CDATA[[TestResult name=login status=SUCCESS method=Tc_Dashboard.login()[pri:1, instance:com.telesoftlabs.testCases.Tc_Dashboard@24313fcc] output={null}]]]>
              </value>
            </param>
          </params>
          <reporter-output>
          </reporter-output>
        </test-method> <!-- checkStatus -->
        <test-method signature="validateTodayAnalysis()[pri:2, instance:com.telesoftlabs.testCases.Tc_Dashboard@24313fcc]" started-at="2026-04-07T13:07:46 IST" name="validateTodayAnalysis" finished-at="2026-04-07T13:07:47 IST" duration-ms="1033" status="PASS">
          <reporter-output>
          </reporter-output>
        </test-method> <!-- validateTodayAnalysis -->
        <test-method is-config="true" signature="checkStatus(java.lang.reflect.Method,org.testng.ITestResult)[pri:0, instance:com.telesoftlabs.testCases.Tc_Dashboard@24313fcc]" started-at="2026-04-07T13:07:47 IST" name="checkStatus" finished-at="2026-04-07T13:07:47 IST" duration-ms="1" status="PASS">
          <params>
            <param index="0">
              <value>
                <![CDATA[public void com.telesoftlabs.testCases.Tc_Dashboard.validateTodayAnalysis()]]>
              </value>
            </param>
            <param index="1">
              <value>
                <![CDATA[[TestResult name=validateTodayAnalysis status=SUCCESS method=Tc_Dashboard.validateTodayAnalysis()[pri:2, instance:com.telesoftlabs.testCases.Tc_Dashboard@24313fcc] output={null}]]]>
              </value>
            </param>
          </params>
          <reporter-output>
          </reporter-output>
        </test-method> <!-- checkStatus -->
        <test-method signature="validateThisMonthAnalysis()[pri:3, instance:com.telesoftlabs.testCases.Tc_Dashboard@24313fcc]" started-at="2026-04-07T13:07:47 IST" name="validateThisMonthAnalysis" finished-at="2026-04-07T13:07:48 IST" duration-ms="998" status="PASS">
          <reporter-output>
          </reporter-output>
        </test-method> <!-- validateThisMonthAnalysis -->
        <test-method is-config="true" signature="checkStatus(java.lang.reflect.Method,org.testng.ITestResult)[pri:0, instance:com.telesoftlabs.testCases.Tc_Dashboard@24313fcc]" started-at="2026-04-07T13:07:48 IST" name="checkStatus" finished-at="2026-04-07T13:07:48 IST" duration-ms="1" status="PASS">
          <params>
            <param index="0">
              <value>
                <![CDATA[public void com.telesoftlabs.testCases.Tc_Dashboard.validateThisMonthAnalysis()]]>
              </value>
            </param>
            <param index="1">
              <value>
                <![CDATA[[TestResult name=validateThisMonthAnalysis status=SUCCESS method=Tc_Dashboard.validateThisMonthAnalysis()[pri:3, instance:com.telesoftlabs.testCases.Tc_Dashboard@24313fcc] output={null}]]]>
              </value>
            </param>
          </params>
          <reporter-output>
          </reporter-output>
        </test-method> <!-- checkStatus -->
        <test-method signature="validateDateBetweenAnalysis()[pri:4, instance:com.telesoftlabs.testCases.Tc_Dashboard@24313fcc]" started-at="2026-04-07T13:07:48 IST" name="validateDateBetweenAnalysis" finished-at="2026-04-07T13:07:49 IST" duration-ms="1618" status="PASS">
          <reporter-output>
          </reporter-output>
        </test-method> <!-- validateDateBetweenAnalysis -->
        <test-method is-config="true" signature="checkStatus(java.lang.reflect.Method,org.testng.ITestResult)[pri:0, instance:com.telesoftlabs.testCases.Tc_Dashboard@24313fcc]" started-at="2026-04-07T13:07:49 IST" name="checkStatus" finished-at="2026-04-07T13:07:49 IST" duration-ms="0" status="PASS">
          <params>
            <param index="0">
              <value>
                <![CDATA[public void com.telesoftlabs.testCases.Tc_Dashboard.validateDateBetweenAnalysis() throws java.lang.InterruptedException]]>
              </value>
            </param>
            <param index="1">
              <value>
                <![CDATA[[TestResult name=validateDateBetweenAnalysis status=SUCCESS method=Tc_Dashboard.validateDateBetweenAnalysis()[pri:4, instance:com.telesoftlabs.testCases.Tc_Dashboard@24313fcc] output={null}]]]>
              </value>
            </param>
          </params>
          <reporter-output>
          </reporter-output>
        </test-method> <!-- checkStatus -->
        <test-method is-config="true" signature="tearDown()[pri:0, instance:com.telesoftlabs.testCases.Tc_Dashboard@24313fcc]" started-at="2026-04-07T13:07:49 IST" name="tearDown" finished-at="2026-04-07T13:07:51 IST" duration-ms="1405" status="PASS">
          <reporter-output>
          </reporter-output>
        </test-method> <!-- tearDown -->
        <test-method is-config="true" signature="generateExtentReports()[pri:0, instance:com.telesoftlabs.testCases.Tc_Dashboard@24313fcc]" started-at="2026-04-07T13:07:51 IST" name="generateExtentReports" finished-at="2026-04-07T13:07:51 IST" duration-ms="523" status="PASS">
          <reporter-output>
          </reporter-output>
        </test-method> <!-- generateExtentReports -->
      </class> <!-- com.telesoftlabs.testCases.Tc_Dashboard -->
    </test> <!-- Default test -->
  </suite> <!-- Default suite -->
</testng-results>
