<?xml version="1.0" encoding="UTF-8"?>
<!-- Generated by org.testng.reporters.JUnitReportReporter -->
<testsuite hostname="AI_Dev1" failures="0" tests="3" name="com.telesoftlabs.testCases.Tc_UpdateBillingClass" time="4.309" errors="0" timestamp="2026-03-16T12:45:26 IST" skipped="0">
  <testcase classname="com.telesoftlabs.testCases.Tc_UpdateBillingClass" name="placeholderTest" time="0.017"/>
  <system-out/>
  <testcase classname="com.telesoftlabs.testCases.Tc_UpdateBillingClass" name="login" time="3.101"/>
  <system-out/>
  <testcase classname="com.telesoftlabs.testCases.Tc_UpdateBillingClass" name="deleteBillingClass" time="1.191"/>
  <system-out/>
</testsuite> <!-- com.telesoftlabs.testCases.Tc_UpdateBillingClass -->
