<?xml version="1.0" encoding="UTF-8"?>
<!-- Generated by org.testng.reporters.JUnitReportReporter -->
<testsuite hostname="AI_Dev1" failures="0" tests="3" name="com.telesoftlabs.testCases.Tc_DeleteRegion" time="5.135" errors="0" timestamp="2026-03-16T12:46:43 IST" skipped="0">
  <testcase classname="com.telesoftlabs.testCases.Tc_DeleteRegion" name="placeholderTest" time="0.010"/>
  <system-out/>
  <testcase classname="com.telesoftlabs.testCases.Tc_DeleteRegion" name="login" time="3.550"/>
  <system-out/>
  <testcase classname="com.telesoftlabs.testCases.Tc_DeleteRegion" name="deleteRegion" time="1.575"/>
  <system-out/>
</testsuite> <!-- com.telesoftlabs.testCases.Tc_DeleteRegion -->
