<?xml version="1.0" encoding="UTF-8"?>
<!-- Generated by org.testng.reporters.JUnitReportReporter -->
<testsuite hostname="AI_Dev1" failures="0" tests="5" name="com.telesoftlabs.testCases.Tc_Dashboard" time="7.506" errors="0" timestamp="2026-04-07T13:07:51 IST" skipped="0">
  <testcase classname="com.telesoftlabs.testCases.Tc_Dashboard" name="placeholderTest" time="0.019"/>
  <system-out/>
  <testcase classname="com.telesoftlabs.testCases.Tc_Dashboard" name="login" time="3.833"/>
  <system-out/>
  <testcase classname="com.telesoftlabs.testCases.Tc_Dashboard" name="validateTodayAnalysis" time="1.034"/>
  <system-out/>
  <testcase classname="com.telesoftlabs.testCases.Tc_Dashboard" name="validateThisMonthAnalysis" time="0.999"/>
  <system-out/>
  <testcase classname="com.telesoftlabs.testCases.Tc_Dashboard" name="validateDateBetweenAnalysis" time="1.621"/>
  <system-out/>
</testsuite> <!-- com.telesoftlabs.testCases.Tc_Dashboard -->
