<?xml version="1.0" encoding="UTF-8"?>
<!-- Generated by org.testng.reporters.JUnitReportReporter -->
<testsuite hostname="AI_Dev1" failures="0" tests="3" name="com.telesoftlabs.testCases.Tc_ReportsValidation" time="67.251" errors="0" timestamp="2026-04-03T16:32:26 IST" skipped="0">
  <testcase classname="com.telesoftlabs.testCases.Tc_ReportsValidation" name="placeholderTest" time="0.012"/>
  <system-out/>
  <testcase classname="com.telesoftlabs.testCases.Tc_ReportsValidation" name="login" time="2.724"/>
  <system-out/>
  <testcase classname="com.telesoftlabs.testCases.Tc_ReportsValidation" name="validateAllReports" time="64.515"/>
  <system-out/>
</testsuite> <!-- com.telesoftlabs.testCases.Tc_ReportsValidation -->
