<?xml version="1.0" encoding="UTF-8"?>
<!-- Generated by org.testng.reporters.JUnitReportReporter -->
<testsuite hostname="AI_Dev1" failures="0" tests="3" name="com.telesoftlabs.testCases.Tc_DeleteLocationProperties" time="5.037" errors="0" timestamp="2026-03-13T16:27:16 IST" skipped="0">
  <testcase classname="com.telesoftlabs.testCases.Tc_DeleteLocationProperties" name="placeholderTest" time="0.008"/>
  <system-out/>
  <testcase classname="com.telesoftlabs.testCases.Tc_DeleteLocationProperties" name="login" time="2.807"/>
  <system-out/>
  <testcase classname="com.telesoftlabs.testCases.Tc_DeleteLocationProperties" name="deleteLocationProperties" time="2.222"/>
  <system-out/>
</testsuite> <!-- com.telesoftlabs.testCases.Tc_DeleteLocationProperties -->
