<?xml version="1.0" encoding="UTF-8"?>
<!-- Generated by org.testng.reporters.JUnitReportReporter -->
<testsuite hostname="AI_Dev1" failures="0" tests="32" name="com.telesoftlabs.CallAudit.TelesuiteCallAuditApplication" time="117.910" errors="0" timestamp="2026-04-06T18:39:36 IST" skipped="0">
  <testcase classname="com.telesoftlabs.CallAudit.TelesuiteCallAuditApplication" name="placeholderTest" time="0.011"/>
  <system-out/>
  <testcase classname="com.telesoftlabs.CallAudit.TelesuiteCallAuditApplication" name="login" time="2.688"/>
  <system-out/>
  <testcase classname="com.telesoftlabs.CallAudit.TelesuiteCallAuditApplication" name="addRegion" time="7.329"/>
  <system-out/>
  <testcase classname="com.telesoftlabs.CallAudit.TelesuiteCallAuditApplication" name="addBillingClass" time="2.547"/>
  <system-out/>
  <testcase classname="com.telesoftlabs.CallAudit.TelesuiteCallAuditApplication" name="addBillingException" time="4.295"/>
  <system-out/>
  <testcase classname="com.telesoftlabs.CallAudit.TelesuiteCallAuditApplication" name="addPBX" time="13.063"/>
  <system-out/>
  <testcase classname="com.telesoftlabs.CallAudit.TelesuiteCallAuditApplication" name="addLocationProperties" time="7.779"/>
  <system-out/>
  <testcase classname="com.telesoftlabs.CallAudit.TelesuiteCallAuditApplication" name="addRoles" time="4.853"/>
  <system-out/>
  <testcase classname="com.telesoftlabs.CallAudit.TelesuiteCallAuditApplication" name="addUser" time="3.722"/>
  <system-out/>
  <testcase classname="com.telesoftlabs.CallAudit.TelesuiteCallAuditApplication" name="addExtension" time="3.091"/>
  <system-out/>
  <testcase classname="com.telesoftlabs.CallAudit.TelesuiteCallAuditApplication" name="latestCdr" time="2.075"/>
  <system-out/>
  <testcase classname="com.telesoftlabs.CallAudit.TelesuiteCallAuditApplication" name="search" time="6.411"/>
  <system-out/>
  <testcase classname="com.telesoftlabs.CallAudit.TelesuiteCallAuditApplication" name="reports" time="23.506"/>
  <system-out/>
  <testcase classname="com.telesoftlabs.CallAudit.TelesuiteCallAuditApplication" name="updateUser" time="2.174"/>
  <system-out/>
  <testcase classname="com.telesoftlabs.CallAudit.TelesuiteCallAuditApplication" name="updateRoles" time="1.189"/>
  <system-out/>
  <testcase classname="com.telesoftlabs.CallAudit.TelesuiteCallAuditApplication" name="UpdateRegion" time="0.953"/>
  <system-out/>
  <testcase classname="com.telesoftlabs.CallAudit.TelesuiteCallAuditApplication" name="UpdateBillingClass" time="1.234"/>
  <system-out/>
  <testcase classname="com.telesoftlabs.CallAudit.TelesuiteCallAuditApplication" name="UpdateBillingException" time="1.171"/>
  <system-out/>
  <testcase classname="com.telesoftlabs.CallAudit.TelesuiteCallAuditApplication" name="UpdatePBX" time="1.324"/>
  <system-out/>
  <testcase classname="com.telesoftlabs.CallAudit.TelesuiteCallAuditApplication" name="UpdateExtension" time="2.963"/>
  <system-out/>
  <testcase classname="com.telesoftlabs.CallAudit.TelesuiteCallAuditApplication" name="UpdateLocationProperties" time="5.748"/>
  <system-out/>
  <testcase classname="com.telesoftlabs.CallAudit.TelesuiteCallAuditApplication" name="importExtension" time="5.470"/>
  <system-out/>
  <testcase classname="com.telesoftlabs.CallAudit.TelesuiteCallAuditApplication" name="exportExtension" time="0.563"/>
  <system-out/>
  <testcase classname="com.telesoftlabs.CallAudit.TelesuiteCallAuditApplication" name="deleteUser" time="1.327"/>
  <system-out/>
  <testcase classname="com.telesoftlabs.CallAudit.TelesuiteCallAuditApplication" name="deleteExtension" time="1.888"/>
  <system-out/>
  <testcase classname="com.telesoftlabs.CallAudit.TelesuiteCallAuditApplication" name="deleteLocationProperties" time="2.013"/>
  <system-out/>
  <testcase classname="com.telesoftlabs.CallAudit.TelesuiteCallAuditApplication" name="deletePBX" time="1.069"/>
  <system-out/>
  <testcase classname="com.telesoftlabs.CallAudit.TelesuiteCallAuditApplication" name="deleteRegion" time="1.050"/>
  <system-out/>
  <testcase classname="com.telesoftlabs.CallAudit.TelesuiteCallAuditApplication" name="deleteBillingClass" time="1.040"/>
  <system-out/>
  <testcase classname="com.telesoftlabs.CallAudit.TelesuiteCallAuditApplication" name="deleteBillingException" time="1.047"/>
  <system-out/>
  <testcase classname="com.telesoftlabs.CallAudit.TelesuiteCallAuditApplication" name="deleteRoles" time="1.100"/>
  <system-out/>
  <testcase classname="com.telesoftlabs.CallAudit.TelesuiteCallAuditApplication" name="dashboard" time="3.217"/>
  <system-out/>
</testsuite> <!-- com.telesoftlabs.CallAudit.TelesuiteCallAuditApplication -->
