<?xml version="1.0" encoding="UTF-8"?>
<!-- Generated by org.testng.reporters.JUnitReportReporter -->
<testsuite hostname="AI_Dev1" failures="0" tests="3" name="com.telesoftlabs.testCases.Tc_LatestCDR" time="5.839" errors="0" timestamp="2026-04-01T13:26:57 IST" skipped="0">
  <testcase classname="com.telesoftlabs.testCases.Tc_LatestCDR" name="placeholderTest" time="0.014"/>
  <system-out/>
  <testcase classname="com.telesoftlabs.testCases.Tc_LatestCDR" name="login" time="3.932"/>
  <system-out/>
  <testcase classname="com.telesoftlabs.testCases.Tc_LatestCDR" name="latestCdr" time="1.893"/>
  <system-out/>
</testsuite> <!-- com.telesoftlabs.testCases.Tc_LatestCDR -->
