<?xml version="1.0" encoding="UTF-8"?>
<!-- Generated by org.testng.reporters.JUnitReportReporter -->
<testsuite hostname="AI_Dev1" failures="0" tests="6" name="com.telesoftlabs.testCases.Tc_Login" time="9.323" errors="0" timestamp="2026-03-05T16:58:01 IST" skipped="0">
  <testcase classname="com.telesoftlabs.testCases.Tc_Login" name="login" time="1.190"/>
  <system-out/>
  <testcase classname="com.telesoftlabs.testCases.Tc_Login" name="login" time="0.937"/>
  <system-out/>
  <testcase classname="com.telesoftlabs.testCases.Tc_Login" name="login" time="0.815"/>
  <system-out/>
  <testcase classname="com.telesoftlabs.testCases.Tc_Login" name="login" time="2.866"/>
  <system-out/>
  <testcase classname="com.telesoftlabs.testCases.Tc_Login" name="placeholderTest" time="0.018"/>
  <system-out/>
  <testcase classname="com.telesoftlabs.testCases.Tc_Login" name="login" time="3.497"/>
  <system-out/>
</testsuite> <!-- com.telesoftlabs.testCases.Tc_Login -->
