<?xml version="1.0" encoding="UTF-8"?>
<!-- Generated by org.testng.reporters.JUnitReportReporter -->
<testsuite hostname="AI_Dev1" failures="0" tests="3" name="com.telesoftlabs.testCases.Tc_AddUser" time="6.526" errors="0" timestamp="2026-03-21T14:48:16 IST" skipped="0">
  <testcase classname="com.telesoftlabs.testCases.Tc_AddUser" name="placeholderTest" time="0.020"/>
  <system-out/>
  <testcase classname="com.telesoftlabs.testCases.Tc_AddUser" name="login" time="2.717"/>
  <system-out/>
  <testcase classname="com.telesoftlabs.testCases.Tc_AddUser" name="addUser" time="3.789"/>
  <system-out/>
</testsuite> <!-- com.telesoftlabs.testCases.Tc_AddUser -->
