<?xml version="1.0" encoding="UTF-8"?>
<!-- Generated by org.testng.reporters.JUnitReportReporter -->
<testsuite hostname="AI_Dev1" failures="0" tests="3" name="com.telesoftlabs.testCases.Tc_UpdateExtension" time="3.434" errors="0" timestamp="2026-03-25T13:04:17 IST" skipped="0">
  <testcase classname="com.telesoftlabs.testCases.Tc_UpdateExtension" name="placeholderTest" time="0.018"/>
  <system-out/>
  <testcase classname="com.telesoftlabs.testCases.Tc_UpdateExtension" name="login" time="2.572"/>
  <system-out/>
  <testcase classname="com.telesoftlabs.testCases.Tc_UpdateExtension" name="searchAndUpdateExtension" time="0.844"/>
  <system-out/>
</testsuite> <!-- com.telesoftlabs.testCases.Tc_UpdateExtension -->
