<?xml version="1.0" encoding="UTF-8"?>
<!-- Generated by org.testng.reporters.JUnitReportReporter -->
<testsuite hostname="AI_Dev1" failures="0" tests="3" name="com.telesoftlabs.testCases.Tc_DeletePBX" time="4.614" errors="0" timestamp="2026-03-13T17:02:19 IST" skipped="0">
  <testcase classname="com.telesoftlabs.testCases.Tc_DeletePBX" name="placeholderTest" time="0.013"/>
  <system-out/>
  <testcase classname="com.telesoftlabs.testCases.Tc_DeletePBX" name="login" time="2.891"/>
  <system-out/>
  <testcase classname="com.telesoftlabs.testCases.Tc_DeletePBX" name="addPBX" time="1.710"/>
  <system-out/>
</testsuite> <!-- com.telesoftlabs.testCases.Tc_DeletePBX -->
