<?xml version="1.0" encoding="UTF-8"?>
<!-- Generated by org.testng.reporters.JUnitReportReporter -->
<testsuite hostname="AI_Dev1" failures="0" tests="3" name="com.telesoftlabs.testCases.Tc_AddRoles" time="9.725" errors="0" timestamp="2026-03-17T13:09:55 IST" skipped="0">
  <testcase classname="com.telesoftlabs.testCases.Tc_AddRoles" name="placeholderTest" time="0.013"/>
  <system-out/>
  <testcase classname="com.telesoftlabs.testCases.Tc_AddRoles" name="login" time="3.692"/>
  <system-out/>
  <testcase classname="com.telesoftlabs.testCases.Tc_AddRoles" name="addRoles" time="6.020"/>
  <system-out/>
</testsuite> <!-- com.telesoftlabs.testCases.Tc_AddRoles -->
