<?xml version="1.0" encoding="UTF-8"?>
<!-- Generated by org.testng.reporters.JUnitReportReporter -->
<testsuite hostname="AI_Dev1" failures="0" tests="3" name="com.telesoftlabs.testCases.Tc_UpdatePBX" time="7.607" errors="0" timestamp="2026-03-16T15:09:33 IST" skipped="0">
  <testcase classname="com.telesoftlabs.testCases.Tc_UpdatePBX" name="placeholderTest" time="0.025"/>
  <system-out/>
  <testcase classname="com.telesoftlabs.testCases.Tc_UpdatePBX" name="login" time="5.427"/>
  <system-out/>
  <testcase classname="com.telesoftlabs.testCases.Tc_UpdatePBX" name="updatePBX" time="2.155"/>
  <system-out/>
</testsuite> <!-- com.telesoftlabs.testCases.Tc_UpdatePBX -->
