<?xml version="1.0" encoding="UTF-8"?>
<!-- Generated by org.testng.reporters.JUnitReportReporter -->
<testsuite hostname="AI_Dev1" failures="0" tests="3" name="com.telesoftlabs.testCases.Tc_AddPBX" time="19.125" errors="0" timestamp="2026-03-16T13:50:37 IST" skipped="0">
  <testcase classname="com.telesoftlabs.testCases.Tc_AddPBX" name="placeholderTest" time="0.012"/>
  <system-out/>
  <testcase classname="com.telesoftlabs.testCases.Tc_AddPBX" name="login" time="3.564"/>
  <system-out/>
  <testcase classname="com.telesoftlabs.testCases.Tc_AddPBX" name="addPBX" time="15.549"/>
  <system-out/>
</testsuite> <!-- com.telesoftlabs.testCases.Tc_AddPBX -->
