<?xml version="1.0" encoding="UTF-8"?>
<!-- Generated by org.testng.reporters.JUnitReportReporter -->
<testsuite hostname="AI_Dev1" failures="0" tests="3" name="com.telesoftlabs.testCases.Tc_SearchPage" time="6.365" errors="0" timestamp="2026-04-03T16:27:30 IST" skipped="0">
  <testcase classname="com.telesoftlabs.testCases.Tc_SearchPage" name="placeholderTest" time="0.012"/>
  <system-out/>
  <testcase classname="com.telesoftlabs.testCases.Tc_SearchPage" name="login" time="2.606"/>
  <system-out/>
  <testcase classname="com.telesoftlabs.testCases.Tc_SearchPage" name="verifySearchFunctionality" time="3.747"/>
  <system-out/>
</testsuite> <!-- com.telesoftlabs.testCases.Tc_SearchPage -->
