<?xml version="1.0" encoding="UTF-8"?>
<!-- Generated by org.testng.reporters.JUnitReportReporter -->
<testsuite hostname="AI_Dev1" failures="0" tests="3" name="com.telesoftlabs.testCases.Tc_UpdateRoles" time="4.622" errors="0" timestamp="2026-03-17T18:00:04 IST" skipped="0">
  <testcase classname="com.telesoftlabs.testCases.Tc_UpdateRoles" name="placeholderTest" time="0.011"/>
  <system-out/>
  <testcase classname="com.telesoftlabs.testCases.Tc_UpdateRoles" name="login" time="3.248"/>
  <system-out/>
  <testcase classname="com.telesoftlabs.testCases.Tc_UpdateRoles" name="updateroles" time="1.363"/>
  <system-out/>
</testsuite> <!-- com.telesoftlabs.testCases.Tc_UpdateRoles -->
