<?xml version="1.0" encoding="UTF-8"?>
<!-- Generated by org.testng.reporters.JUnitReportReporter -->
<testsuite hostname="AI_Dev1" failures="0" tests="2" name="com.telesoftlabs.testCases.Tc_AddRegion" time="7.129" errors="0" timestamp="2026-04-07T12:29:42 IST" skipped="0">
  <testcase classname="com.telesoftlabs.testCases.Tc_AddRegion" name="addRegion" time="7.127"/>
  <system-out/>
  <testcase classname="com.telesoftlabs.testCases.Tc_AddRegion" name="placeholderTest" time="0.002"/>
  <system-out/>
</testsuite> <!-- com.telesoftlabs.testCases.Tc_AddRegion -->
