<?xml version="1.0" encoding="UTF-8"?>
<!-- Generated by org.testng.reporters.JUnitReportReporter -->
<testsuite hostname="AI_Dev1" failures="0" tests="3" name="com.telesoftlabs.testCases.Tc_DeleteUser" time="7.275" errors="0" timestamp="2026-03-23T12:10:36 IST" skipped="0">
  <testcase classname="com.telesoftlabs.testCases.Tc_DeleteUser" name="placeholderTest" time="0.010"/>
  <system-out/>
  <testcase classname="com.telesoftlabs.testCases.Tc_DeleteUser" name="login" time="6.058"/>
  <system-out/>
  <testcase classname="com.telesoftlabs.testCases.Tc_DeleteUser" name="deleteUser" time="1.207"/>
  <system-out/>
</testsuite> <!-- com.telesoftlabs.testCases.Tc_DeleteUser -->
