<?xml version="1.0" encoding="UTF-8"?>
<!-- Generated by org.testng.reporters.JUnitReportReporter -->
<testsuite hostname="AI_Dev1" failures="0" tests="3" name="com.telesoftlabs.testCases.Tc_ReportsPage" time="8.695" errors="0" timestamp="2026-03-27T15:44:57 IST" skipped="0">
  <testcase classname="com.telesoftlabs.testCases.Tc_ReportsPage" name="placeholderTest" time="0.010"/>
  <system-out/>
  <testcase classname="com.telesoftlabs.testCases.Tc_ReportsPage" name="login" time="3.042"/>
  <system-out/>
  <testcase classname="com.telesoftlabs.testCases.Tc_ReportsPage" name="reportPage" time="5.643"/>
  <system-out/>
</testsuite> <!-- com.telesoftlabs.testCases.Tc_ReportsPage -->
