<?xml version="1.0" encoding="UTF-8"?>
<!-- Generated by org.testng.reporters.JUnitReportReporter -->
<testsuite hostname="AI_Dev1" failures="0" tests="3" name="com.telesoftlabs.testCases.Tc_AddLocationProperties" time="11.295" errors="0" timestamp="2026-03-16T15:14:04 IST" skipped="0">
  <testcase classname="com.telesoftlabs.testCases.Tc_AddLocationProperties" name="placeholderTest" time="0.010"/>
  <system-out/>
  <testcase classname="com.telesoftlabs.testCases.Tc_AddLocationProperties" name="login" time="3.916"/>
  <system-out/>
  <testcase classname="com.telesoftlabs.testCases.Tc_AddLocationProperties" name="addLocationProperties" time="7.369"/>
  <system-out/>
</testsuite> <!-- com.telesoftlabs.testCases.Tc_AddLocationProperties -->
