<?xml version="1.0" encoding="UTF-8"?>
<!-- Generated by org.testng.reporters.JUnitReportReporter -->
<testsuite hostname="AI_Dev1" failures="0" tests="3" name="com.telesoftlabs.testCases.Tc_AddExtension" time="6.419" errors="0" timestamp="2026-04-03T17:28:22 IST" skipped="0">
  <testcase classname="com.telesoftlabs.testCases.Tc_AddExtension" name="placeholderTest" time="0.014"/>
  <system-out/>
  <testcase classname="com.telesoftlabs.testCases.Tc_AddExtension" name="login" time="3.195"/>
  <system-out/>
  <testcase classname="com.telesoftlabs.testCases.Tc_AddExtension" name="addExtension" time="3.210"/>
  <system-out/>
</testsuite> <!-- com.telesoftlabs.testCases.Tc_AddExtension -->
