<?xml version="1.0" encoding="UTF-8"?>
<!-- Generated by org.testng.reporters.JUnitReportReporter -->
<testsuite hostname="AI_Dev1" failures="0" tests="3" name="com.telesoftlabs.testCases.Tc_UpdateLocationProperties" time="5.677" errors="0" timestamp="2026-03-16T16:24:16 IST" skipped="0">
  <testcase classname="com.telesoftlabs.testCases.Tc_UpdateLocationProperties" name="placeholderTest" time="0.022"/>
  <system-out/>
  <testcase classname="com.telesoftlabs.testCases.Tc_UpdateLocationProperties" name="login" time="3.525"/>
  <system-out/>
  <testcase classname="com.telesoftlabs.testCases.Tc_UpdateLocationProperties" name="updateLocationProperties" time="2.130"/>
  <system-out/>
</testsuite> <!-- com.telesoftlabs.testCases.Tc_UpdateLocationProperties -->
