<?xml version="1.0" encoding="UTF-8"?>
<!-- Generated by org.testng.reporters.JUnitReportReporter -->
<testsuite hostname="AI_Dev1" failures="0" tests="3" name="com.telesoftlabs.testCases.Tc_AddBillingException" time="8.223" errors="0" timestamp="2026-03-16T15:13:08 IST" skipped="0">
  <testcase classname="com.telesoftlabs.testCases.Tc_AddBillingException" name="placeholderTest" time="0.009"/>
  <system-out/>
  <testcase classname="com.telesoftlabs.testCases.Tc_AddBillingException" name="login" time="2.811"/>
  <system-out/>
  <testcase classname="com.telesoftlabs.testCases.Tc_AddBillingException" name="addBillingException" time="5.403"/>
  <system-out/>
</testsuite> <!-- com.telesoftlabs.testCases.Tc_AddBillingException -->
