<?xml version="1.0" encoding="UTF-8"?>
<!-- Generated by org.testng.reporters.JUnitReportReporter -->
<testsuite hostname="AI_Dev1" failures="0" tests="3" name="com.telesoftlabs.testCases.Tc_UpdateUser" time="4.056" errors="0" timestamp="2026-03-21T17:43:45 IST" skipped="0">
  <testcase classname="com.telesoftlabs.testCases.Tc_UpdateUser" name="placeholderTest" time="0.013"/>
  <system-out/>
  <testcase classname="com.telesoftlabs.testCases.Tc_UpdateUser" name="login" time="2.637"/>
  <system-out/>
  <testcase classname="com.telesoftlabs.testCases.Tc_UpdateUser" name="updateUser" time="1.406"/>
  <system-out/>
</testsuite> <!-- com.telesoftlabs.testCases.Tc_UpdateUser -->
