<?xml version="1.0" encoding="UTF-8"?>
<!-- Generated by org.testng.reporters.JUnitReportReporter -->
<testsuite hostname="AI_Dev1" failures="0" tests="3" name="com.telesoftlabs.testCases.Tc_AddBillingClass" time="6.510" errors="0" timestamp="2026-03-16T15:12:25 IST" skipped="0">
  <testcase classname="com.telesoftlabs.testCases.Tc_AddBillingClass" name="placeholderTest" time="0.014"/>
  <system-out/>
  <testcase classname="com.telesoftlabs.testCases.Tc_AddBillingClass" name="login" time="3.301"/>
  <system-out/>
  <testcase classname="com.telesoftlabs.testCases.Tc_AddBillingClass" name="addBillingClass" time="3.195"/>
  <system-out/>
</testsuite> <!-- com.telesoftlabs.testCases.Tc_AddBillingClass -->
