<?xml version="1.0" encoding="UTF-8"?>
<!-- Generated by org.testng.reporters.JUnitReportReporter -->
<testsuite hostname="AI_Dev1" failures="0" tests="3" name="com.telesoftlabs.testCases.Tc_DeleteExtension" time="5.531" errors="0" timestamp="2026-03-25T15:02:59 IST" skipped="0">
  <testcase classname="com.telesoftlabs.testCases.Tc_DeleteExtension" name="placeholderTest" time="0.018"/>
  <system-out/>
  <testcase classname="com.telesoftlabs.testCases.Tc_DeleteExtension" name="login" time="3.471"/>
  <system-out/>
  <testcase classname="com.telesoftlabs.testCases.Tc_DeleteExtension" name="searchAndDeleteExtension" time="2.042"/>
  <system-out/>
</testsuite> <!-- com.telesoftlabs.testCases.Tc_DeleteExtension -->
