<?xml version="1.0" encoding="UTF-8"?>
<!-- Generated by org.testng.reporters.JUnitReportReporter -->
<testsuite hostname="AI_Dev1" failures="0" tests="3" name="com.telesoftlabs.testCases.Tc_ImportExtension" time="9.699" errors="0" timestamp="2026-03-27T12:52:23 IST" skipped="0">
  <testcase classname="com.telesoftlabs.testCases.Tc_ImportExtension" name="placeholderTest" time="0.020"/>
  <system-out/>
  <testcase classname="com.telesoftlabs.testCases.Tc_ImportExtension" name="login" time="4.170"/>
  <system-out/>
  <testcase classname="com.telesoftlabs.testCases.Tc_ImportExtension" name="importExtensions" time="5.509"/>
  <system-out/>
</testsuite> <!-- com.telesoftlabs.testCases.Tc_ImportExtension -->
