<?xml version="1.0" encoding="UTF-8"?>
<!-- Generated by org.testng.reporters.JUnitReportReporter -->
<testsuite hostname="AI_Dev1" failures="0" tests="3" name="com.telesoftlabs.testCases.Tc_DeleteRoles" time="3.866" errors="0" timestamp="2026-03-18T17:56:09 IST" skipped="0">
  <testcase classname="com.telesoftlabs.testCases.Tc_DeleteRoles" name="placeholderTest" time="0.016"/>
  <system-out/>
  <testcase classname="com.telesoftlabs.testCases.Tc_DeleteRoles" name="login" time="2.719"/>
  <system-out/>
  <testcase classname="com.telesoftlabs.testCases.Tc_DeleteRoles" name="deleteRoles" time="1.131"/>
  <system-out/>
</testsuite> <!-- com.telesoftlabs.testCases.Tc_DeleteRoles -->
