<?xml version="1.0" encoding="UTF-8"?>
<!-- Generated by org.testng.reporters.JUnitReportReporter -->
<testsuite hostname="AI_Dev1" failures="0" tests="3" name="com.telesoftlabs.testCases.Tc_DeleteBillingException" time="4.356" errors="0" timestamp="2026-03-16T13:24:30 IST" skipped="0">
  <testcase classname="com.telesoftlabs.testCases.Tc_DeleteBillingException" name="placeholderTest" time="0.008"/>
  <system-out/>
  <testcase classname="com.telesoftlabs.testCases.Tc_DeleteBillingException" name="login" time="2.724"/>
  <system-out/>
  <testcase classname="com.telesoftlabs.testCases.Tc_DeleteBillingException" name="deleteBillingException" time="1.624"/>
  <system-out/>
</testsuite> <!-- com.telesoftlabs.testCases.Tc_DeleteBillingException -->
