<?xml version="1.0" encoding="UTF-8"?>
<!-- Generated by org.testng.reporters.JUnitReportReporter -->
<testsuite hostname="AI_Dev1" failures="0" tests="3" name="com.telesoftlabs.testCases.Tc_UpdateBillingException" time="5.062" errors="0" timestamp="2026-03-16T13:24:03 IST" skipped="0">
  <testcase classname="com.telesoftlabs.testCases.Tc_UpdateBillingException" name="placeholderTest" time="0.020"/>
  <system-out/>
  <testcase classname="com.telesoftlabs.testCases.Tc_UpdateBillingException" name="login" time="3.397"/>
  <system-out/>
  <testcase classname="com.telesoftlabs.testCases.Tc_UpdateBillingException" name="UpdateBillingException" time="1.645"/>
  <system-out/>
</testsuite> <!-- com.telesoftlabs.testCases.Tc_UpdateBillingException -->
