<?xml version="1.0" encoding="UTF-8"?>
<!-- Generated by org.testng.reporters.JUnitReportReporter -->
<testsuite hostname="AI_Dev1" failures="0" tests="3" name="com.telesoftlabs.testCases.Tc_UpdateRegion" time="4.935" errors="0" timestamp="2026-03-16T12:33:19 IST" skipped="0">
  <testcase classname="com.telesoftlabs.testCases.Tc_UpdateRegion" name="placeholderTest" time="0.012"/>
  <system-out/>
  <testcase classname="com.telesoftlabs.testCases.Tc_UpdateRegion" name="login" time="3.754"/>
  <system-out/>
  <testcase classname="com.telesoftlabs.testCases.Tc_UpdateRegion" name="updateRegion" time="1.169"/>
  <system-out/>
</testsuite> <!-- com.telesoftlabs.testCases.Tc_UpdateRegion -->
