<?xml version="1.0" encoding="UTF-8"?>
<!-- Generated by org.testng.reporters.JUnitReportReporter -->
<testsuite hostname="AI_Dev1" failures="0" tests="3" name="com.telesoftlabs.testCases.Tc_ExportExtensions" time="3.647" errors="0" timestamp="2026-03-26T13:13:58 IST" skipped="0">
  <testcase classname="com.telesoftlabs.testCases.Tc_ExportExtensions" name="placeholderTest" time="0.012"/>
  <system-out/>
  <testcase classname="com.telesoftlabs.testCases.Tc_ExportExtensions" name="login" time="2.903"/>
  <system-out/>
  <testcase classname="com.telesoftlabs.testCases.Tc_ExportExtensions" name="exportExtensions" time="0.732"/>
  <system-out/>
</testsuite> <!-- com.telesoftlabs.testCases.Tc_ExportExtensions -->
