<?xml version="1.0" encoding="UTF-8"?>
<!-- Generated by org.testng.reporters.JUnitReportReporter -->
<testsuite hostname="AI_Dev1" failures="0" tests="3" name="com.telesoftlabs.testCases.Tc_DeleteBillingClass" time="4.774" errors="0" timestamp="2026-03-16T12:46:00 IST" skipped="0">
  <testcase classname="com.telesoftlabs.testCases.Tc_DeleteBillingClass" name="placeholderTest" time="0.006"/>
  <system-out/>
  <testcase classname="com.telesoftlabs.testCases.Tc_DeleteBillingClass" name="login" time="3.115"/>
  <system-out/>
  <testcase classname="com.telesoftlabs.testCases.Tc_DeleteBillingClass" name="deleteBillingClass" time="1.653"/>
  <system-out/>
</testsuite> <!-- com.telesoftlabs.testCases.Tc_DeleteBillingClass -->
