<?xml version="1.0" encoding="UTF-8"?>
<!-- Generated by org.testng.reporters.JUnitXMLReporter -->
<testsuite ignored="2" hostname="AI_Dev1" failures="0" tests="6" name="Test" time="28.959" errors="0" timestamp="2026-04-07T12:29:41 IST">
  <testcase classname="com.telesoftlabs.testCases.BaseClass" name="placeholderTest" time="0.01"/>
  <testcase classname="com.telesoftlabs.testCases.Tc_Dashboard" name="validateTodayAnalysis" time="0.976"/>
  <testcase classname="com.telesoftlabs.testCases.Tc_Dashboard" name="validateThisMonthAnalysis" time="0.952"/>
  <testcase classname="com.telesoftlabs.testCases.Tc_Dashboard" name="validateDateBetweenAnalysis" time="1.612"/>
  <testcase classname="com.telesoftlabs.testCases.Tc_AddRegion" name="addRegion" time="7.127"/>
  <testcase classname="com.telesoftlabs.testCases.BaseClass" name="placeholderTest" time="0.002"/>
  <testcase classname="com.telesoftlabs.testCases.BaseClass" name="@BeforeSuite initialiseExtentReports" time="0.0">
    <ignored/>
  </testcase> <!-- @BeforeSuite initialiseExtentReports -->
  <testcase classname="com.telesoftlabs.testCases.BaseClass" name="@AfterSuite generateExtentReports" time="0.0">
    <ignored/>
  </testcase> <!-- @AfterSuite generateExtentReports -->
</testsuite> <!-- Test -->
